TN:
SF:src/main.tsx
FNF:0
FNH:0
DA:1,1
DA:2,1
DA:3,1
DA:4,1
DA:6,1
DA:8,1
DA:9,1
DA:10,1
DA:12,1
DA:13,1
DA:14,1
DA:15,1
DA:16,1
LF:13
LH:13
BRF:0
BRH:0
end_of_record
TN:
SF:src/components/App.tsx
FN:22,render
FN:28,<instance_members_initializer>
FN:37,componentDidMount
FN:43,fetchCharacters
FN:61,handleSearch
FN:67,triggerCrash
FN:71,render
FNF:7
FNH:5
FNDA:0,render
FNDA:8,<instance_members_initializer>
FNDA:8,componentDidMount
FNDA:11,fetchCharacters
FNDA:3,handleSearch
FNDA:0,triggerCrash
FNDA:27,render
DA:1,1
DA:2,1
DA:3,1
DA:4,1
DA:21,1
DA:22,1
DA:23,0
DA:24,0
DA:25,0
DA:26,1
DA:28,8
DA:29,8
DA:30,8
DA:31,8
DA:32,8
DA:33,8
DA:34,8
DA:35,8
DA:37,8
DA:38,8
DA:39,8
DA:40,8
DA:41,8
DA:43,8
DA:44,11
DA:45,11
DA:46,11
DA:47,4
DA:48,7
DA:50,11
DA:51,11
DA:52,8
DA:53,8
DA:54,11
DA:55,1
DA:56,1
DA:57,1
DA:58,1
DA:59,11
DA:61,8
DA:62,3
DA:63,3
DA:64,3
DA:65,3
DA:67,8
DA:68,0
DA:69,0
DA:71,8
DA:72,27
DA:74,27
DA:75,27
DA:76,27
DA:77,27
DA:78,27
DA:79,27
DA:81,27
DA:82,27
DA:83,0
DA:85,27
DA:86,27
DA:87,27
DA:88,27
DA:89,27
DA:90,27
DA:92,27
DA:93,27
DA:95,27
DA:96,27
DA:97,27
DA:99,27
DA:100,8
DA:102,1
LF:72
LH:66
BRDA:28,0,0,8
BRDA:37,1,0,8
BRDA:38,2,0,7
BRDA:43,3,0,11
BRDA:46,4,0,4
BRDA:47,5,0,7
BRDA:50,6,0,9
BRDA:51,7,0,1
BRDA:51,8,0,8
BRDA:54,9,0,1
BRDA:56,10,0,0
BRDA:61,11,0,3
BRDA:71,12,0,27
BRDA:82,13,0,0
BRF:14
BRH:12
end_of_record
TN:
SF:src/components/ErrorBoundary/ErrorBoundary.tsx
FN:12,ErrorBoundary
FN:17,getDerivedStateFromError
FN:21,componentDidCatch
FN:25,render
FNF:4
FNH:4
FNDA:12,ErrorBoundary
FNDA:2,getDerivedStateFromError
FNDA:1,componentDidCatch
FNDA:32,render
DA:1,1
DA:11,1
DA:12,1
DA:13,12
DA:14,12
DA:15,12
DA:17,1
DA:18,2
DA:19,2
DA:21,1
DA:22,1
DA:23,1
DA:25,1
DA:26,32
DA:27,2
DA:28,2
DA:30,2
DA:32,2
DA:34,30
DA:35,32
DA:36,1
DA:38,1
LF:22
LH:22
BRDA:12,0,0,12
BRDA:17,1,0,2
BRDA:21,2,0,1
BRDA:25,3,0,32
BRDA:26,4,0,2
BRDA:32,5,0,30
BRF:6
BRH:6
end_of_record
TN:
SF:src/components/Results/Results.tsx
FN:17,render
FNF:1
FNH:1
FNDA:35,render
DA:1,1
DA:16,1
DA:17,1
DA:18,35
DA:20,35
DA:21,12
DA:22,12
DA:24,35
DA:25,4
DA:26,4
DA:28,35
DA:29,9
DA:30,9
DA:32,10
DA:33,10
DA:34,10
DA:35,145
DA:36,145
DA:37,145
DA:39,145
DA:40,145
DA:41,145
DA:42,145
DA:43,145
DA:44,145
DA:45,145
DA:46,145
DA:47,10
DA:48,10
DA:50,35
DA:51,1
DA:53,1
LF:32
LH:32
BRDA:17,0,0,35
BRDA:20,1,0,12
BRDA:22,2,0,23
BRDA:24,3,0,4
BRDA:26,4,0,19
BRDA:28,5,0,9
BRDA:30,6,0,10
BRDA:34,7,0,145
BRF:8
BRH:8
end_of_record
TN:
SF:src/components/Search/Search.tsx
FN:12,<instance_members_initializer>
FN:13,Search
FN:19,handleChange
FN:23,handleKeyDown
FN:27,triggerSearch
FN:33,render
FNF:6
FNH:6
FNDA:18,<instance_members_initializer>
FNDA:18,Search
FNDA:55,handleChange
FNDA:55,handleKeyDown
FNDA:8,triggerSearch
FNDA:92,render
DA:1,1
DA:12,18
DA:13,18
DA:14,18
DA:15,18
DA:16,18
DA:17,18
DA:19,18
DA:20,55
DA:21,55
DA:23,18
DA:24,55
DA:25,55
DA:27,18
DA:28,8
DA:29,8
DA:30,8
DA:31,8
DA:33,18
DA:34,92
DA:35,92
DA:36,92
DA:37,92
DA:38,92
DA:39,92
DA:40,92
DA:41,92
DA:42,92
DA:43,92
DA:44,92
DA:45,92
DA:46,92
DA:47,92
DA:49,92
DA:50,92
DA:52,92
DA:53,18
DA:55,1
LF:38
LH:38
BRDA:12,0,0,18
BRDA:13,1,0,18
BRDA:15,2,0,14
BRDA:15,3,0,14
BRDA:19,4,0,55
BRDA:23,5,0,55
BRDA:24,6,0,1
BRDA:27,7,0,8
BRDA:33,8,0,92
BRF:9
BRH:9
end_of_record
TN:
SF:src/types/charcter.ts
FN:1,(empty-report)
FNF:1
FNH:1
FNDA:1,(empty-report)
LF:0
LH:0
BRDA:1,0,0,1
BRF:1
BRH:1
end_of_record
